<?xml version="1.0" encoding="UTF-8"?>
<!-- Generated by org.testng.reporters.JUnitReportReporter -->
<testsuite skipped="0" hostname="Jasmine" name="com.Runner.Runnerclass" tests="4" failures="0" timestamp="2023-11-14T15:02:17 IST" time="30.487" errors="0">
  <testcase name="browserLaunch" time="17.026" classname="com.Runner.Runnerclass"/>
  <system-out/>
  <testcase name="Url" time="4.150" classname="com.Runner.Runnerclass"/>
  <system-out/>
  <testcase name="InputDataByDataDriven" time="4.187" classname="com.Runner.Runnerclass"/>
  <system-out/>
  <testcase name="InputDataByParameterThroughXML" time="5.124" classname="com.Runner.Runnerclass"/>
  <system-out/>
</testsuite> <!-- com.Runner.Runnerclass -->
